\BOOKMARK [1][-]{section.1}{SC3011TN - Stochastische Signaalanalyse - 2020/2021}{}% 1
\BOOKMARK [1][-]{section.2}{Group details}{}% 2
\BOOKMARK [2][-]{subsection.2.1}{Question 1}{section.2}% 3
\BOOKMARK [3][-]{subsubsection.2.1.1}{Answer 1}{subsection.2.1}% 4
\BOOKMARK [2][-]{subsection.2.2}{Question 2}{section.2}% 5
\BOOKMARK [3][-]{subsubsection.2.2.1}{Provide:}{subsection.2.2}% 6
\BOOKMARK [3][-]{subsubsection.2.2.2}{Answer 2}{subsection.2.2}% 7
\BOOKMARK [2][-]{subsection.2.3}{Question 3}{section.2}% 8
\BOOKMARK [3][-]{subsubsection.2.3.1}{Answer 3}{subsection.2.3}% 9
\BOOKMARK [2][-]{subsection.2.4}{Question 4}{section.2}% 10
\BOOKMARK [3][-]{subsubsection.2.4.1}{Provide:}{subsection.2.4}% 11
\BOOKMARK [3][-]{subsubsection.2.4.2}{Answer 4}{subsection.2.4}% 12
\BOOKMARK [2][-]{subsection.2.5}{Question 5}{section.2}% 13
\BOOKMARK [3][-]{subsubsection.2.5.1}{Provide:}{subsection.2.5}% 14
\BOOKMARK [3][-]{subsubsection.2.5.2}{Answer 5}{subsection.2.5}% 15
\BOOKMARK [2][-]{subsection.2.6}{Question 6}{section.2}% 16
\BOOKMARK [3][-]{subsubsection.2.6.1}{Provide:}{subsection.2.6}% 17
\BOOKMARK [3][-]{subsubsection.2.6.2}{Answer 6}{subsection.2.6}% 18
\BOOKMARK [2][-]{subsection.2.7}{Question 7}{section.2}% 19
\BOOKMARK [3][-]{subsubsection.2.7.1}{Provide:}{subsection.2.7}% 20
\BOOKMARK [3][-]{subsubsection.2.7.2}{Answer 7}{subsection.2.7}% 21
\BOOKMARK [1][-]{section.3}{Question 8}{}% 22
\BOOKMARK [2][-]{subsubsection.3.0.1}{Answer 8}{section.3}% 23
\BOOKMARK [2][-]{subsection.3.1}{Question 9}{section.3}% 24
\BOOKMARK [3][-]{subsubsection.3.1.1}{Provide:}{subsection.3.1}% 25
\BOOKMARK [3][-]{subsubsection.3.1.2}{Answer 9}{subsection.3.1}% 26
\BOOKMARK [2][-]{subsection.3.2}{Question 10}{section.3}% 27
\BOOKMARK [3][-]{subsubsection.3.2.1}{Provide:}{subsection.3.2}% 28
\BOOKMARK [3][-]{subsubsection.3.2.2}{Answer 10}{subsection.3.2}% 29
\BOOKMARK [2][-]{subsection.3.3}{Question 11}{section.3}% 30
\BOOKMARK [3][-]{subsubsection.3.3.1}{Answer 11}{subsection.3.3}% 31
